lock: {
    "Created": "2022-08-17T19:59:35.952365Z",
    "ID": "d9620517-8a4a-f85a-55f8-351623615c07",
    "Info": "",
    "Operation": "OperationTypeApply",
    "Path": "",
    "Version": "1.2.5",
    "Who": "rumeysadogan@Rumeysas-MBP"
}
state_write: {
    "lineage": "1f0aee65-6f4d-7bd3-49da-35969c3d8c49",
    "outputs": {
        "public_dns": {
            "type": "string",
            "value": "ec2-3-83-219-219.compute-1.amazonaws.com"
        },
        "public_ip": {
            "type": "string",
            "value": "3.83.219.219"
        },
        "size": {
            "type": "string",
            "value": "t2.micro"
        }
    },
    "resources": [
        {
            "instances": [
                {
                    "attributes": {
                        "architecture": "x86_64",
                        "arn": "arn:aws:ec2:us-east-1::image/ami-0cf6c10214cc015c9",
                        "block_device_mappings": [
                            {
                                "device_name": "/dev/sda1",
                                "ebs": {
                                    "delete_on_termination": "true",
                                    "encrypted": "false",
                                    "iops": "0",
                                    "snapshot_id": "snap-06811e422d80e3292",
                                    "throughput": "0",
                                    "volume_size": "8",
                                    "volume_type": "gp2"
                                },
                                "no_device": "",
                                "virtual_name": ""
                            },
                            {
                                "device_name": "/dev/sdb",
                                "ebs": {},
                                "no_device": "",
                                "virtual_name": "ephemeral0"
                            },
                            {
                                "device_name": "/dev/sdc",
                                "ebs": {},
                                "no_device": "",
                                "virtual_name": "ephemeral1"
                            }
                        ],
                        "creation_date": "2022-08-10T12:41:24.000Z",
                        "description": "Canonical, Ubuntu, 20.04 LTS, amd64 focal image build on 2022-08-10",
                        "ena_support": true,
                        "executable_users": null,
                        "filter": [
                            {
                                "name": "name",
                                "values": [
                                    "ubuntu/images/hvm-ssd/ubuntu-focal-20.04-amd64-server-*"
                                ]
                            },
                            {
                                "name": "virtualization-type",
                                "values": [
                                    "hvm"
                                ]
                            }
                        ],
                        "hypervisor": "xen",
                        "id": "ami-0cf6c10214cc015c9",
                        "image_id": "ami-0cf6c10214cc015c9",
                        "image_location": "099720109477/ubuntu/images/hvm-ssd/ubuntu-focal-20.04-amd64-server-20220810",
                        "image_owner_alias": null,
                        "image_type": "machine",
                        "kernel_id": null,
                        "most_recent": true,
                        "name": "ubuntu/images/hvm-ssd/ubuntu-focal-20.04-amd64-server-20220810",
                        "name_regex": null,
                        "owner_id": "099720109477",
                        "owners": [
                            "099720109477"
                        ],
                        "platform": null,
                        "platform_details": "Linux/UNIX",
                        "product_codes": [],
                        "public": true,
                        "ramdisk_id": null,
                        "root_device_name": "/dev/sda1",
                        "root_device_type": "ebs",
                        "root_snapshot_id": "snap-06811e422d80e3292",
                        "sriov_net_support": "simple",
                        "state": "available",
                        "state_reason": {
                            "code": "UNSET",
                            "message": "UNSET"
                        },
                        "tags": {},
                        "usage_operation": "RunInstances",
                        "virtualization_type": "hvm"
                    },
                    "schema_version": 0,
                    "sensitive_attributes": []
                }
            ],
            "mode": "data",
            "name": "ubuntu",
            "provider": "provider[\"registry.terraform.io/hashicorp/aws\"]",
            "type": "aws_ami"
        },
        {
            "instances": [
                {
                    "attributes": {
                        "all_availability_zones": null,
                        "exclude_names": null,
                        "exclude_zone_ids": null,
                        "filter": null,
                        "group_names": [
                            "us-east-1"
                        ],
                        "id": "us-east-1",
                        "names": [
                            "us-east-1a",
                            "us-east-1b",
                            "us-east-1c",
                            "us-east-1d",
                            "us-east-1e",
                            "us-east-1f"
                        ],
                        "state": null,
                        "zone_ids": [
                            "use1-az4",
                            "use1-az6",
                            "use1-az1",
                            "use1-az2",
                            "use1-az3",
                            "use1-az5"
                        ]
                    },
                    "schema_version": 0,
                    "sensitive_attributes": []
                }
            ],
            "mode": "data",
            "name": "available",
            "provider": "provider[\"registry.terraform.io/hashicorp/aws\"]",
            "type": "aws_availability_zones"
        },
        {
            "instances": [
                {
                    "attributes": {
                        "description": "US East (N. Virginia)",
                        "endpoint": "ec2.us-east-1.amazonaws.com",
                        "id": "us-east-1",
                        "name": "us-east-1"
                    },
                    "schema_version": 0,
                    "sensitive_attributes": []
                }
            ],
            "mode": "data",
            "name": "current",
            "provider": "provider[\"registry.terraform.io/hashicorp/aws\"]",
            "type": "aws_region"
        },
        {
            "instances": [
                {
                    "attributes": {
                        "ami": "ami-0cf6c10214cc015c9",
                        "arn": "arn:aws:ec2:us-east-1:392530415763:instance/i-004d2bb875eb2ee49",
                        "associate_public_ip_address": true,
                        "availability_zone": "us-east-1b",
                        "capacity_reservation_specification": [
                            {
                                "capacity_reservation_preference": "open",
                                "capacity_reservation_target": []
                            }
                        ],
                        "cpu_core_count": 1,
                        "cpu_threads_per_core": 1,
                        "credit_specification": [
                            {
                                "cpu_credits": "standard"
                            }
                        ],
                        "disable_api_termination": false,
                        "ebs_block_device": [],
                        "ebs_optimized": false,
                        "enclave_options": [
                            {
                                "enabled": false
                            }
                        ],
                        "ephemeral_block_device": [],
                        "get_password_data": false,
                        "hibernation": false,
                        "host_id": null,
                        "iam_instance_profile": "",
                        "id": "i-004d2bb875eb2ee49",
                        "instance_initiated_shutdown_behavior": "stop",
                        "instance_state": "running",
                        "instance_type": "t2.micro",
                        "ipv6_address_count": 0,
                        "ipv6_addresses": [],
                        "key_name": "MyAWSKey",
                        "launch_template": [],
                        "metadata_options": [
                            {
                                "http_endpoint": "enabled",
                                "http_put_response_hop_limit": 1,
                                "http_tokens": "optional",
                                "instance_metadata_tags": "disabled"
                            }
                        ],
                        "monitoring": false,
                        "network_interface": [],
                        "outpost_arn": "",
                        "password_data": "",
                        "placement_group": "",
                        "placement_partition_number": null,
                        "primary_network_interface_id": "eni-06f0e42413cc90bcf",
                        "private_dns": "ip-10-0-101-138.ec2.internal",
                        "private_ip": "10.0.101.138",
                        "public_dns": "ec2-35-175-204-2.compute-1.amazonaws.com",
                        "public_ip": "35.175.204.2",
                        "root_block_device": [
                            {
                                "delete_on_termination": true,
                                "device_name": "/dev/sda1",
                                "encrypted": false,
                                "iops": 100,
                                "kms_key_id": "",
                                "tags": {},
                                "throughput": 0,
                                "volume_id": "vol-010d5cc9f62211102",
                                "volume_size": 8,
                                "volume_type": "gp2"
                            }
                        ],
                        "secondary_private_ips": [],
                        "security_groups": [
                            "sg-0365604b3e885471f",
                            "sg-04374c86f0a7e8ca2",
                            "sg-08213f10967c5ec43"
                        ],
                        "source_dest_check": true,
                        "subnet_id": "subnet-07aebba3d45687bd7",
                        "tags": {
                            "Name": "Ubuntu EC2 Server"
                        },
                        "tags_all": {
                            "Name": "Ubuntu EC2 Server"
                        },
                        "tenancy": "default",
                        "timeouts": null,
                        "user_data": null,
                        "user_data_base64": null,
                        "volume_tags": null,
                        "vpc_security_group_ids": [
                            "sg-0365604b3e885471f",
                            "sg-04374c86f0a7e8ca2",
                            "sg-08213f10967c5ec43"
                        ]
                    },
                    "dependencies": [
                        "aws_key_pair.generated",
                        "aws_security_group.ingress-ssh",
                        "aws_security_group.vpc-ping",
                        "aws_security_group.vpc-web",
                        "aws_subnet.public_subnets",
                        "aws_vpc.vpc",
                        "data.aws_ami.ubuntu",
                        "data.aws_availability_zones.available",
                        "local_file.private_key_pem",
                        "tls_private_key.generated"
                    ],
                    "private": "eyJlMmJmYjczMC1lY2FhLTExZTYtOGY4OC0zNDM2M2JjN2M0YzAiOnsiY3JlYXRlIjo2MDAwMDAwMDAwMDAsImRlbGV0ZSI6MTIwMDAwMDAwMDAwMCwidXBkYXRlIjo2MDAwMDAwMDAwMDB9LCJzY2hlbWFfdmVyc2lvbiI6IjEifQ==",
                    "schema_version": 1,
                    "sensitive_attributes": []
                }
            ],
            "mode": "managed",
            "name": "ubuntu_server",
            "provider": "provider[\"registry.terraform.io/hashicorp/aws\"]",
            "type": "aws_instance"
        },
        {
            "instances": [
                {
                    "attributes": {
                        "arn": "arn:aws:ec2:us-east-1:392530415763:internet-gateway/igw-04667147ffb2d630d",
                        "id": "igw-04667147ffb2d630d",
                        "owner_id": "392530415763",
                        "tags": {
                            "Name": "demo_igw"
                        },
                        "tags_all": {
                            "Name": "demo_igw"
                        },
                        "vpc_id": "vpc-0923f4fcc8de4127d"
                    },
                    "dependencies": [
                        "aws_vpc.vpc"
                    ],
                    "private": "bnVsbA==",
                    "schema_version": 0,
                    "sensitive_attributes": []
                }
            ],
            "mode": "managed",
            "name": "internet_gateway",
            "provider": "provider[\"registry.terraform.io/hashicorp/aws\"]",
            "type": "aws_internet_gateway"
        },
        {
            "instances": [
                {
                    "attributes": {
                        "arn": "arn:aws:ec2:us-east-1:392530415763:key-pair/MyAWSKey",
                        "fingerprint": "bc:1b:75:d2:54:5b:bb:aa:48:06:6a:bc:82:5a:5c:ff",
                        "id": "MyAWSKey",
                        "key_name": "MyAWSKey",
                        "key_name_prefix": "",
                        "key_pair_id": "key-0359939cf0a1e5e30",
                        "public_key": "ssh-rsa AAAAB3NzaC1yc2EAAAADAQABAAABAQC5kDNjn53O3RpSijP3qkldN4/GzfPJH1r9/XC7BXid8UOhH2WOAFtrILRkzagxhvi30uvLRkOY5kYCX/YGJ5SI5d00F9rtbL1Xo64XQRH8e2JPCay3Fov5/HLO1GIdMEm6NdBrVmbPkTcT6XGZdfpp5cD9gnpD+CsDnK5PiKbaWtIfaxxLuAjU6lm4/yp4K5EpOBY/NrcpNRsUm+fFiFH3dU5MlyN8dBOCgJSTjlE2aecvBo4tDzisrJhxzp5Kpmn1pMke5mNTV6V5t1RpqKsz267wU7uYJjsWZpRP72lYjkwLffR4grwazinytmqsOLQe59lAqPRA2qqDnAGk5jQT",
                        "tags": null,
                        "tags_all": {}
                    },
                    "dependencies": [
                        "tls_private_key.generated"
                    ],
                    "private": "eyJzY2hlbWFfdmVyc2lvbiI6IjEifQ==",
                    "schema_version": 1,
                    "sensitive_attributes": []
                }
            ],
            "mode": "managed",
            "name": "generated",
            "provider": "provider[\"registry.terraform.io/hashicorp/aws\"]",
            "type": "aws_key_pair"
        },
        {
            "instances": [
                {
                    "attributes": {
                        "arn": "arn:aws:ec2:us-east-1:392530415763:route-table/rtb-0fabddc4bef60bb82",
                        "id": "rtb-0fabddc4bef60bb82",
                        "owner_id": "392530415763",
                        "propagating_vgws": [],
                        "route": [
                            {
                                "carrier_gateway_id": "",
                                "cidr_block": "0.0.0.0/0",
                                "destination_prefix_list_id": "",
                                "egress_only_gateway_id": "",
                                "gateway_id": "igw-04667147ffb2d630d",
                                "instance_id": "",
                                "ipv6_cidr_block": "",
                                "local_gateway_id": "",
                                "nat_gateway_id": "",
                                "network_interface_id": "",
                                "transit_gateway_id": "",
                                "vpc_endpoint_id": "",
                                "vpc_peering_connection_id": ""
                            }
                        ],
                        "tags": {
                            "Name": "demo_public_rtb",
                            "Terraform": "true"
                        },
                        "tags_all": {
                            "Name": "demo_public_rtb",
                            "Terraform": "true"
                        },
                        "timeouts": null,
                        "vpc_id": "vpc-0923f4fcc8de4127d"
                    },
                    "dependencies": [
                        "aws_internet_gateway.internet_gateway",
                        "aws_vpc.vpc"
                    ],
                    "private": "eyJlMmJmYjczMC1lY2FhLTExZTYtOGY4OC0zNDM2M2JjN2M0YzAiOnsiY3JlYXRlIjozMDAwMDAwMDAwMDAsImRlbGV0ZSI6MzAwMDAwMDAwMDAwLCJ1cGRhdGUiOjEyMDAwMDAwMDAwMH19",
                    "schema_version": 0,
                    "sensitive_attributes": []
                }
            ],
            "mode": "managed",
            "name": "public_route_table",
            "provider": "provider[\"registry.terraform.io/hashicorp/aws\"]",
            "type": "aws_route_table"
        },
        {
            "instances": [
                {
                    "attributes": {
                        "gateway_id": "",
                        "id": "rtbassoc-0943d31c28412a114",
                        "route_table_id": "rtb-0fabddc4bef60bb82",
                        "subnet_id": "subnet-07aebba3d45687bd7"
                    },
                    "dependencies": [
                        "aws_internet_gateway.internet_gateway",
                        "aws_route_table.public_route_table",
                        "aws_subnet.public_subnets",
                        "aws_vpc.vpc",
                        "data.aws_availability_zones.available"
                    ],
                    "index_key": "public_subnet_1",
                    "private": "bnVsbA==",
                    "schema_version": 0,
                    "sensitive_attributes": []
                },
                {
                    "attributes": {
                        "gateway_id": "",
                        "id": "rtbassoc-029fecb112f64e379",
                        "route_table_id": "rtb-0fabddc4bef60bb82",
                        "subnet_id": "subnet-05cdb826908890475"
                    },
                    "dependencies": [
                        "aws_internet_gateway.internet_gateway",
                        "aws_route_table.public_route_table",
                        "aws_subnet.public_subnets",
                        "aws_vpc.vpc",
                        "data.aws_availability_zones.available"
                    ],
                    "index_key": "public_subnet_2",
                    "private": "bnVsbA==",
                    "schema_version": 0,
                    "sensitive_attributes": []
                },
                {
                    "attributes": {
                        "gateway_id": "",
                        "id": "rtbassoc-0b13f928eebeb345a",
                        "route_table_id": "rtb-0fabddc4bef60bb82",
                        "subnet_id": "subnet-0351f3debfa1bf7f2"
                    },
                    "dependencies": [
                        "aws_internet_gateway.internet_gateway",
                        "aws_route_table.public_route_table",
                        "aws_subnet.public_subnets",
                        "aws_vpc.vpc",
                        "data.aws_availability_zones.available"
                    ],
                    "index_key": "public_subnet_3",
                    "private": "bnVsbA==",
                    "schema_version": 0,
                    "sensitive_attributes": []
                }
            ],
            "mode": "managed",
            "name": "public",
            "provider": "provider[\"registry.terraform.io/hashicorp/aws\"]",
            "type": "aws_route_table_association"
        },
        {
            "instances": [
                {
                    "attributes": {
                        "arn": "arn:aws:ec2:us-east-1:392530415763:security-group/sg-0365604b3e885471f",
                        "description": "Managed by Terraform",
                        "egress": [
                            {
                                "cidr_blocks": [
                                    "0.0.0.0/0"
                                ],
                                "description": "",
                                "from_port": 0,
                                "ipv6_cidr_blocks": [],
                                "prefix_list_ids": [],
                                "protocol": "-1",
                                "security_groups": [],
                                "self": false,
                                "to_port": 0
                            }
                        ],
                        "id": "sg-0365604b3e885471f",
                        "ingress": [
                            {
                                "cidr_blocks": [
                                    "0.0.0.0/0"
                                ],
                                "description": "",
                                "from_port": 22,
                                "ipv6_cidr_blocks": [],
                                "prefix_list_ids": [],
                                "protocol": "tcp",
                                "security_groups": [],
                                "self": false,
                                "to_port": 22
                            }
                        ],
                        "name": "allow-all-ssh",
                        "name_prefix": "",
                        "owner_id": "392530415763",
                        "revoke_rules_on_delete": false,
                        "tags": null,
                        "tags_all": {},
                        "timeouts": null,
                        "vpc_id": "vpc-0923f4fcc8de4127d"
                    },
                    "dependencies": [
                        "aws_vpc.vpc"
                    ],
                    "private": "eyJlMmJmYjczMC1lY2FhLTExZTYtOGY4OC0zNDM2M2JjN2M0YzAiOnsiY3JlYXRlIjo2MDAwMDAwMDAwMDAsImRlbGV0ZSI6OTAwMDAwMDAwMDAwfSwic2NoZW1hX3ZlcnNpb24iOiIxIn0=",
                    "schema_version": 1,
                    "sensitive_attributes": []
                }
            ],
            "mode": "managed",
            "name": "ingress-ssh",
            "provider": "provider[\"registry.terraform.io/hashicorp/aws\"]",
            "type": "aws_security_group"
        },
        {
            "instances": [
                {
                    "attributes": {
                        "arn": "arn:aws:ec2:us-east-1:392530415763:security-group/sg-04374c86f0a7e8ca2",
                        "description": "ICMP for Ping Access",
                        "egress": [
                            {
                                "cidr_blocks": [
                                    "0.0.0.0/0"
                                ],
                                "description": "Allow all ip and ports outboun",
                                "from_port": 0,
                                "ipv6_cidr_blocks": [],
                                "prefix_list_ids": [],
                                "protocol": "-1",
                                "security_groups": [],
                                "self": false,
                                "to_port": 0
                            }
                        ],
                        "id": "sg-04374c86f0a7e8ca2",
                        "ingress": [
                            {
                                "cidr_blocks": [
                                    "0.0.0.0/0"
                                ],
                                "description": "Allow ICMP Traffic",
                                "from_port": -1,
                                "ipv6_cidr_blocks": [],
                                "prefix_list_ids": [],
                                "protocol": "icmp",
                                "security_groups": [],
                                "self": false,
                                "to_port": -1
                            }
                        ],
                        "name": "vpc-ping",
                        "name_prefix": "",
                        "owner_id": "392530415763",
                        "revoke_rules_on_delete": false,
                        "tags": null,
                        "tags_all": {},
                        "timeouts": null,
                        "vpc_id": "vpc-0923f4fcc8de4127d"
                    },
                    "dependencies": [
                        "aws_vpc.vpc"
                    ],
                    "private": "eyJlMmJmYjczMC1lY2FhLTExZTYtOGY4OC0zNDM2M2JjN2M0YzAiOnsiY3JlYXRlIjo2MDAwMDAwMDAwMDAsImRlbGV0ZSI6OTAwMDAwMDAwMDAwfSwic2NoZW1hX3ZlcnNpb24iOiIxIn0=",
                    "schema_version": 1,
                    "sensitive_attributes": []
                }
            ],
            "mode": "managed",
            "name": "vpc-ping",
            "provider": "provider[\"registry.terraform.io/hashicorp/aws\"]",
            "type": "aws_security_group"
        },
        {
            "instances": [
                {
                    "attributes": {
                        "arn": "arn:aws:ec2:us-east-1:392530415763:security-group/sg-08213f10967c5ec43",
                        "description": "Web Traffic",
                        "egress": [
                            {
                                "cidr_blocks": [
                                    "0.0.0.0/0"
                                ],
                                "description": "Allow all ip and ports outbound",
                                "from_port": 0,
                                "ipv6_cidr_blocks": [],
                                "prefix_list_ids": [],
                                "protocol": "-1",
                                "security_groups": [],
                                "self": false,
                                "to_port": 0
                            }
                        ],
                        "id": "sg-08213f10967c5ec43",
                        "ingress": [
                            {
                                "cidr_blocks": [
                                    "0.0.0.0/0"
                                ],
                                "description": "Allow Port 443",
                                "from_port": 443,
                                "ipv6_cidr_blocks": [],
                                "prefix_list_ids": [],
                                "protocol": "tcp",
                                "security_groups": [],
                                "self": false,
                                "to_port": 443
                            },
                            {
                                "cidr_blocks": [
                                    "0.0.0.0/0"
                                ],
                                "description": "Allow Port 80",
                                "from_port": 80,
                                "ipv6_cidr_blocks": [],
                                "prefix_list_ids": [],
                                "protocol": "tcp",
                                "security_groups": [],
                                "self": false,
                                "to_port": 80
                            }
                        ],
                        "name": "vpc-web-default",
                        "name_prefix": "",
                        "owner_id": "392530415763",
                        "revoke_rules_on_delete": false,
                        "tags": null,
                        "tags_all": {},
                        "timeouts": null,
                        "vpc_id": "vpc-0923f4fcc8de4127d"
                    },
                    "dependencies": [
                        "aws_vpc.vpc"
                    ],
                    "private": "eyJlMmJmYjczMC1lY2FhLTExZTYtOGY4OC0zNDM2M2JjN2M0YzAiOnsiY3JlYXRlIjo2MDAwMDAwMDAwMDAsImRlbGV0ZSI6OTAwMDAwMDAwMDAwfSwic2NoZW1hX3ZlcnNpb24iOiIxIn0=",
                    "schema_version": 1,
                    "sensitive_attributes": []
                }
            ],
            "mode": "managed",
            "name": "vpc-web",
            "provider": "provider[\"registry.terraform.io/hashicorp/aws\"]",
            "type": "aws_security_group"
        },
        {
            "instances": [
                {
                    "attributes": {
                        "arn": "arn:aws:ec2:us-east-1:392530415763:subnet/subnet-07aebba3d45687bd7",
                        "assign_ipv6_address_on_creation": false,
                        "availability_zone": "us-east-1b",
                        "availability_zone_id": "use1-az6",
                        "cidr_block": "10.0.101.0/24",
                        "customer_owned_ipv4_pool": "",
                        "enable_dns64": false,
                        "enable_resource_name_dns_a_record_on_launch": false,
                        "enable_resource_name_dns_aaaa_record_on_launch": false,
                        "id": "subnet-07aebba3d45687bd7",
                        "ipv6_cidr_block": "",
                        "ipv6_cidr_block_association_id": "",
                        "ipv6_native": false,
                        "map_customer_owned_ip_on_launch": false,
                        "map_public_ip_on_launch": true,
                        "outpost_arn": "",
                        "owner_id": "392530415763",
                        "private_dns_hostname_type_on_launch": "ip-name",
                        "tags": {
                            "Name": "public_subnet_1",
                            "Terraform": "true"
                        },
                        "tags_all": {
                            "Name": "public_subnet_1",
                            "Terraform": "true"
                        },
                        "timeouts": null,
                        "vpc_id": "vpc-0923f4fcc8de4127d"
                    },
                    "dependencies": [
                        "aws_vpc.vpc",
                        "data.aws_availability_zones.available"
                    ],
                    "index_key": "public_subnet_1",
                    "private": "eyJlMmJmYjczMC1lY2FhLTExZTYtOGY4OC0zNDM2M2JjN2M0YzAiOnsiY3JlYXRlIjo2MDAwMDAwMDAwMDAsImRlbGV0ZSI6MTIwMDAwMDAwMDAwMH0sInNjaGVtYV92ZXJzaW9uIjoiMSJ9",
                    "schema_version": 1,
                    "sensitive_attributes": []
                },
                {
                    "attributes": {
                        "arn": "arn:aws:ec2:us-east-1:392530415763:subnet/subnet-05cdb826908890475",
                        "assign_ipv6_address_on_creation": false,
                        "availability_zone": "us-east-1c",
                        "availability_zone_id": "use1-az1",
                        "cidr_block": "10.0.102.0/24",
                        "customer_owned_ipv4_pool": "",
                        "enable_dns64": false,
                        "enable_resource_name_dns_a_record_on_launch": false,
                        "enable_resource_name_dns_aaaa_record_on_launch": false,
                        "id": "subnet-05cdb826908890475",
                        "ipv6_cidr_block": "",
                        "ipv6_cidr_block_association_id": "",
                        "ipv6_native": false,
                        "map_customer_owned_ip_on_launch": false,
                        "map_public_ip_on_launch": true,
                        "outpost_arn": "",
                        "owner_id": "392530415763",
                        "private_dns_hostname_type_on_launch": "ip-name",
                        "tags": {
                            "Name": "public_subnet_2",
                            "Terraform": "true"
                        },
                        "tags_all": {
                            "Name": "public_subnet_2",
                            "Terraform": "true"
                        },
                        "timeouts": null,
                        "vpc_id": "vpc-0923f4fcc8de4127d"
                    },
                    "dependencies": [
                        "aws_vpc.vpc",
                        "data.aws_availability_zones.available"
                    ],
                    "index_key": "public_subnet_2",
                    "private": "eyJlMmJmYjczMC1lY2FhLTExZTYtOGY4OC0zNDM2M2JjN2M0YzAiOnsiY3JlYXRlIjo2MDAwMDAwMDAwMDAsImRlbGV0ZSI6MTIwMDAwMDAwMDAwMH0sInNjaGVtYV92ZXJzaW9uIjoiMSJ9",
                    "schema_version": 1,
                    "sensitive_attributes": []
                },
                {
                    "attributes": {
                        "arn": "arn:aws:ec2:us-east-1:392530415763:subnet/subnet-0351f3debfa1bf7f2",
                        "assign_ipv6_address_on_creation": false,
                        "availability_zone": "us-east-1d",
                        "availability_zone_id": "use1-az2",
                        "cidr_block": "10.0.103.0/24",
                        "customer_owned_ipv4_pool": "",
                        "enable_dns64": false,
                        "enable_resource_name_dns_a_record_on_launch": false,
                        "enable_resource_name_dns_aaaa_record_on_launch": false,
                        "id": "subnet-0351f3debfa1bf7f2",
                        "ipv6_cidr_block": "",
                        "ipv6_cidr_block_association_id": "",
                        "ipv6_native": false,
                        "map_customer_owned_ip_on_launch": false,
                        "map_public_ip_on_launch": true,
                        "outpost_arn": "",
                        "owner_id": "392530415763",
                        "private_dns_hostname_type_on_launch": "ip-name",
                        "tags": {
                            "Name": "public_subnet_3",
                            "Terraform": "true"
                        },
                        "tags_all": {
                            "Name": "public_subnet_3",
                            "Terraform": "true"
                        },
                        "timeouts": null,
                        "vpc_id": "vpc-0923f4fcc8de4127d"
                    },
                    "dependencies": [
                        "aws_vpc.vpc",
                        "data.aws_availability_zones.available"
                    ],
                    "index_key": "public_subnet_3",
                    "private": "eyJlMmJmYjczMC1lY2FhLTExZTYtOGY4OC0zNDM2M2JjN2M0YzAiOnsiY3JlYXRlIjo2MDAwMDAwMDAwMDAsImRlbGV0ZSI6MTIwMDAwMDAwMDAwMH0sInNjaGVtYV92ZXJzaW9uIjoiMSJ9",
                    "schema_version": 1,
                    "sensitive_attributes": []
                }
            ],
            "mode": "managed",
            "name": "public_subnets",
            "provider": "provider[\"registry.terraform.io/hashicorp/aws\"]",
            "type": "aws_subnet"
        },
        {
            "instances": [
                {
                    "attributes": {
                        "arn": "arn:aws:ec2:us-east-1:392530415763:vpc/vpc-0923f4fcc8de4127d",
                        "assign_generated_ipv6_cidr_block": false,
                        "cidr_block": "10.0.0.0/16",
                        "default_network_acl_id": "acl-04adfe18ac2314497",
                        "default_route_table_id": "rtb-0721aef0ca2d13539",
                        "default_security_group_id": "sg-0fdf2363f23671ab5",
                        "dhcp_options_id": "dopt-051cd8c8b4073402f",
                        "enable_classiclink": false,
                        "enable_classiclink_dns_support": false,
                        "enable_dns_hostnames": true,
                        "enable_dns_support": true,
                        "id": "vpc-0923f4fcc8de4127d",
                        "instance_tenancy": "default",
                        "ipv4_ipam_pool_id": null,
                        "ipv4_netmask_length": null,
                        "ipv6_association_id": "",
                        "ipv6_cidr_block": "",
                        "ipv6_cidr_block_network_border_group": "",
                        "ipv6_ipam_pool_id": "",
                        "ipv6_netmask_length": 0,
                        "main_route_table_id": "rtb-0721aef0ca2d13539",
                        "owner_id": "392530415763",
                        "tags": {
                            "Environment": "demo_environment",
                            "Name": "demo_vpc",
                            "Terraform": "true"
                        },
                        "tags_all": {
                            "Environment": "demo_environment",
                            "Name": "demo_vpc",
                            "Terraform": "true"
                        }
                    },
                    "private": "eyJzY2hlbWFfdmVyc2lvbiI6IjEifQ==",
                    "schema_version": 1,
                    "sensitive_attributes": []
                }
            ],
            "mode": "managed",
            "name": "vpc",
            "provider": "provider[\"registry.terraform.io/hashicorp/aws\"]",
            "type": "aws_vpc"
        },
        {
            "instances": [
                {
                    "attributes": {
                        "content": "-----BEGIN RSA PRIVATE KEY-----\nMIIEpQIBAAKCAQEAuZAzY5+dzt0aUooz96pJXTePxs3zyR9a/f1wuwV4nfFDoR9l\njgBbayC0ZM2oMYb4t9Lry0ZDmOZGAl/2BieUiOXdNBfa7Wy9V6OuF0ER/HtiTwms\ntxaL+fxyztRiHTBJujXQa1Zmz5E3E+lxmXX6aeXA/YJ6Q/grA5yuT4im2lrSH2sc\nS7gI1OpZuP8qeCuRKTgWPza3KTUbFJvnxYhR93VOTJcjfHQTgoCUk45RNmnnLwaO\nLQ84rKyYcc6eSqZp9aTJHuZjU1elebdUaairM9uu8FO7mCY7FmaUT+9pWI5MC330\neIK8Gs4p8rZqrDi0HufZQKj0QNqqg5wBpOY0EwIDAQABAoIBAQCxOM5LpEL0MWiV\nUhbFv2Wn2IvBRCtDd2XQ079ZbqU+uxBrDnBQSXkF/EstRtkOzCg4cAHwtt+SZMKS\nPBHc2OpcQKSdvvbA8Kx4ygNXhDboWvKOJ+BDUA5Jp1gCvwYheF/BrumpyfAQ51Ch\n/L8Y4HtTrjE+LOIWjiqOnZJAtXMdcCRbBmgD+bhg+2xWbJ+4SJ3h5Ie3aFsY/cDZ\nefaLx3eWEAj5ztmlghEQpRC94djVxP3s3VXtHa+qbvxEWw5siz/QOcvbCPqcL9FK\njoIx3Y5khzH8J9ned0fnw+aQ1mBlhe5J3fFj0467ddf6TM33vAOKg0/DyqQMWShz\nB7G6tJrxAoGBAMnt/v4pEC/6dwbvS7dC3l14/QBDVbA6IRSXU4TUX+zMNYZhgS+F\n5bXBffmlaTEyy7P93d+AnkIUndAMgwEDP9FwQQi+XCKdoL/y+iYe71jXNPCTX2Vk\nUjUuky9N4CieAy3N0kmThJzu32EiIAlE9r+UuhMC1LwBz8+BYGmKoempAoGBAOtA\nT6JtIu5zMasuvM2p/TqERf3VGuc7BMlXn1UjoP8xm0unu0qLNszUFva/dXZ+4FMx\ncKfblKM0pYOyqU1FZeH1v7Yymv2dtU25B++DI5BNHGEe9EE8T3Nv0QNHCdYwAQwS\n4SwnM9inswGy1EMDGccQgj2oe8G8vKBESEdC4B1bAoGBALQi/Db/qtEiPsyQ7Jqv\nrG72X7y8VNTBBoG3/Wmhi3FTOuyGTxh1+lYKJrduOEkLZ21KK4QW2RdaDO5sOvHM\nVEIiQeHq74Zx19VkjIM1VY+LbE6xKYjp1exbgDHS5wVU8MELu2ynjMXy0pN0PeAH\nBZgitVwASobtltUmNTvx0D8BAoGAE9JdY2Ayu0i1fKj5e5LBJXcTtqmIFMeiRZy+\nbhwMarQxU5SUcVl9ipCsRqonKY7TM+9MgLg9s+qxr4EURtB8HyfnuWBWMtxg9GWM\nx5+TFYuJwp0rE3wTbbSUNeR8bbGpxOyqUGAVPEIVESWSQPs35s/7SVqy4sYWVqKq\nPGbkH1UCgYEAl3I1m77A484piVaxpWn1XmSzSIR/UAg4lZFm+Q0SUBhkhuoqiTiC\nRK4lj+Ijrulh6dRcBYppSjywVHQFEiHP3acOUNV/Ket5H/1p4grbdGdAPFombXfj\nrKpQklHJJK4spq7Y/ObJdbNIxB4LUS+2Pfh5CIt72vPqdoIZy+ZxkbM=\n-----END RSA PRIVATE KEY-----\n",
                        "content_base64": null,
                        "directory_permission": "0777",
                        "file_permission": "0777",
                        "filename": "MyAWSKey.pem",
                        "id": "89f3b85d17bc9055448a1dcb85db28484f2f4a93",
                        "sensitive_content": null,
                        "source": null
                    },
                    "dependencies": [
                        "tls_private_key.generated"
                    ],
                    "private": "bnVsbA==",
                    "schema_version": 0,
                    "sensitive_attributes": [
                        [
                            {
                                "type": "get_attr",
                                "value": "content"
                            }
                        ]
                    ]
                }
            ],
            "mode": "managed",
            "name": "private_key_pem",
            "provider": "provider[\"registry.terraform.io/hashicorp/local\"]",
            "type": "local_file"
        },
        {
            "instances": [
                {
                    "attributes": {
                        "id": "h{QU2JKbcr",
                        "keepers": null,
                        "length": 10,
                        "lower": true,
                        "min_lower": 0,
                        "min_numeric": 0,
                        "min_special": 0,
                        "min_upper": 0,
                        "number": true,
                        "override_special": null,
                        "result": "h{QU2JKbcr",
                        "special": true,
                        "upper": true
                    },
                    "private": "eyJzY2hlbWFfdmVyc2lvbiI6IjEifQ==",
                    "schema_version": 1,
                    "sensitive_attributes": []
                }
            ],
            "mode": "managed",
            "name": "random",
            "provider": "provider[\"registry.terraform.io/hashicorp/random\"]",
            "type": "random_string"
        },
        {
            "instances": [
                {
                    "attributes": {
                        "algorithm": "RSA",
                        "ecdsa_curve": "P224",
                        "id": "2e79a4dae4211522e66884a4a988a4532742886d",
                        "private_key_pem": "-----BEGIN RSA PRIVATE KEY-----\nMIIEpQIBAAKCAQEAuZAzY5+dzt0aUooz96pJXTePxs3zyR9a/f1wuwV4nfFDoR9l\njgBbayC0ZM2oMYb4t9Lry0ZDmOZGAl/2BieUiOXdNBfa7Wy9V6OuF0ER/HtiTwms\ntxaL+fxyztRiHTBJujXQa1Zmz5E3E+lxmXX6aeXA/YJ6Q/grA5yuT4im2lrSH2sc\nS7gI1OpZuP8qeCuRKTgWPza3KTUbFJvnxYhR93VOTJcjfHQTgoCUk45RNmnnLwaO\nLQ84rKyYcc6eSqZp9aTJHuZjU1elebdUaairM9uu8FO7mCY7FmaUT+9pWI5MC330\neIK8Gs4p8rZqrDi0HufZQKj0QNqqg5wBpOY0EwIDAQABAoIBAQCxOM5LpEL0MWiV\nUhbFv2Wn2IvBRCtDd2XQ079ZbqU+uxBrDnBQSXkF/EstRtkOzCg4cAHwtt+SZMKS\nPBHc2OpcQKSdvvbA8Kx4ygNXhDboWvKOJ+BDUA5Jp1gCvwYheF/BrumpyfAQ51Ch\n/L8Y4HtTrjE+LOIWjiqOnZJAtXMdcCRbBmgD+bhg+2xWbJ+4SJ3h5Ie3aFsY/cDZ\nefaLx3eWEAj5ztmlghEQpRC94djVxP3s3VXtHa+qbvxEWw5siz/QOcvbCPqcL9FK\njoIx3Y5khzH8J9ned0fnw+aQ1mBlhe5J3fFj0467ddf6TM33vAOKg0/DyqQMWShz\nB7G6tJrxAoGBAMnt/v4pEC/6dwbvS7dC3l14/QBDVbA6IRSXU4TUX+zMNYZhgS+F\n5bXBffmlaTEyy7P93d+AnkIUndAMgwEDP9FwQQi+XCKdoL/y+iYe71jXNPCTX2Vk\nUjUuky9N4CieAy3N0kmThJzu32EiIAlE9r+UuhMC1LwBz8+BYGmKoempAoGBAOtA\nT6JtIu5zMasuvM2p/TqERf3VGuc7BMlXn1UjoP8xm0unu0qLNszUFva/dXZ+4FMx\ncKfblKM0pYOyqU1FZeH1v7Yymv2dtU25B++DI5BNHGEe9EE8T3Nv0QNHCdYwAQwS\n4SwnM9inswGy1EMDGccQgj2oe8G8vKBESEdC4B1bAoGBALQi/Db/qtEiPsyQ7Jqv\nrG72X7y8VNTBBoG3/Wmhi3FTOuyGTxh1+lYKJrduOEkLZ21KK4QW2RdaDO5sOvHM\nVEIiQeHq74Zx19VkjIM1VY+LbE6xKYjp1exbgDHS5wVU8MELu2ynjMXy0pN0PeAH\nBZgitVwASobtltUmNTvx0D8BAoGAE9JdY2Ayu0i1fKj5e5LBJXcTtqmIFMeiRZy+\nbhwMarQxU5SUcVl9ipCsRqonKY7TM+9MgLg9s+qxr4EURtB8HyfnuWBWMtxg9GWM\nx5+TFYuJwp0rE3wTbbSUNeR8bbGpxOyqUGAVPEIVESWSQPs35s/7SVqy4sYWVqKq\nPGbkH1UCgYEAl3I1m77A484piVaxpWn1XmSzSIR/UAg4lZFm+Q0SUBhkhuoqiTiC\nRK4lj+Ijrulh6dRcBYppSjywVHQFEiHP3acOUNV/Ket5H/1p4grbdGdAPFombXfj\nrKpQklHJJK4spq7Y/ObJdbNIxB4LUS+2Pfh5CIt72vPqdoIZy+ZxkbM=\n-----END RSA PRIVATE KEY-----\n",
                        "public_key_fingerprint_md5": "ea:d8:ce:e6:a5:e6:f8:c4:18:67:0c:4f:73:74:a0:06",
                        "public_key_openssh": "ssh-rsa AAAAB3NzaC1yc2EAAAADAQABAAABAQC5kDNjn53O3RpSijP3qkldN4/GzfPJH1r9/XC7BXid8UOhH2WOAFtrILRkzagxhvi30uvLRkOY5kYCX/YGJ5SI5d00F9rtbL1Xo64XQRH8e2JPCay3Fov5/HLO1GIdMEm6NdBrVmbPkTcT6XGZdfpp5cD9gnpD+CsDnK5PiKbaWtIfaxxLuAjU6lm4/yp4K5EpOBY/NrcpNRsUm+fFiFH3dU5MlyN8dBOCgJSTjlE2aecvBo4tDzisrJhxzp5Kpmn1pMke5mNTV6V5t1RpqKsz267wU7uYJjsWZpRP72lYjkwLffR4grwazinytmqsOLQe59lAqPRA2qqDnAGk5jQT\n",
                        "public_key_pem": "-----BEGIN PUBLIC KEY-----\nMIIBIjANBgkqhkiG9w0BAQEFAAOCAQ8AMIIBCgKCAQEAuZAzY5+dzt0aUooz96pJ\nXTePxs3zyR9a/f1wuwV4nfFDoR9ljgBbayC0ZM2oMYb4t9Lry0ZDmOZGAl/2BieU\niOXdNBfa7Wy9V6OuF0ER/HtiTwmstxaL+fxyztRiHTBJujXQa1Zmz5E3E+lxmXX6\naeXA/YJ6Q/grA5yuT4im2lrSH2scS7gI1OpZuP8qeCuRKTgWPza3KTUbFJvnxYhR\n93VOTJcjfHQTgoCUk45RNmnnLwaOLQ84rKyYcc6eSqZp9aTJHuZjU1elebdUaair\nM9uu8FO7mCY7FmaUT+9pWI5MC330eIK8Gs4p8rZqrDi0HufZQKj0QNqqg5wBpOY0\nEwIDAQAB\n-----END PUBLIC KEY-----\n",
                        "rsa_bits": 2048
                    },
                    "private": "bnVsbA==",
                    "schema_version": 0,
                    "sensitive_attributes": []
                }
            ],
            "mode": "managed",
            "name": "generated",
            "provider": "provider[\"registry.terraform.io/hashicorp/tls\"]",
            "type": "tls_private_key"
        },
        {
            "instances": [
                {
                    "attributes": {
                        "ami": "ami-0cf6c10214cc015c9",
                        "arn": "arn:aws:ec2:us-east-1:392530415763:instance/i-0b2eda373b44bd8a4",
                        "associate_public_ip_address": true,
                        "availability_zone": "us-east-1d",
                        "capacity_reservation_specification": [
                            {
                                "capacity_reservation_preference": "open",
                                "capacity_reservation_target": []
                            }
                        ],
                        "cpu_core_count": 1,
                        "cpu_threads_per_core": 1,
                        "credit_specification": [
                            {
                                "cpu_credits": "standard"
                            }
                        ],
                        "disable_api_termination": false,
                        "ebs_block_device": [],
                        "ebs_optimized": false,
                        "enclave_options": [
                            {
                                "enabled": false
                            }
                        ],
                        "ephemeral_block_device": [],
                        "get_password_data": false,
                        "hibernation": false,
                        "host_id": null,
                        "iam_instance_profile": "",
                        "id": "i-0b2eda373b44bd8a4",
                        "instance_initiated_shutdown_behavior": "stop",
                        "instance_state": "running",
                        "instance_type": "t2.micro",
                        "ipv6_address_count": 0,
                        "ipv6_addresses": [],
                        "key_name": "",
                        "launch_template": [],
                        "metadata_options": [
                            {
                                "http_endpoint": "enabled",
                                "http_put_response_hop_limit": 1,
                                "http_tokens": "optional",
                                "instance_metadata_tags": "disabled"
                            }
                        ],
                        "monitoring": false,
                        "network_interface": [],
                        "outpost_arn": "",
                        "password_data": "",
                        "placement_group": "",
                        "placement_partition_number": null,
                        "primary_network_interface_id": "eni-0c4de143524133d74",
                        "private_dns": "ip-10-0-103-24.ec2.internal",
                        "private_ip": "10.0.103.24",
                        "public_dns": "ec2-3-83-219-219.compute-1.amazonaws.com",
                        "public_ip": "3.83.219.219",
                        "root_block_device": [
                            {
                                "delete_on_termination": true,
                                "device_name": "/dev/sda1",
                                "encrypted": false,
                                "iops": 100,
                                "kms_key_id": "",
                                "tags": {},
                                "throughput": 0,
                                "volume_id": "vol-0aabf8a2324715c2a",
                                "volume_size": 8,
                                "volume_type": "gp2"
                            }
                        ],
                        "secondary_private_ips": [],
                        "security_groups": [],
                        "source_dest_check": true,
                        "subnet_id": "subnet-0351f3debfa1bf7f2",
                        "tags": {
                            "Environment": "backend lab session",
                            "Name": "Server from Module"
                        },
                        "tags_all": {
                            "Environment": "backend lab session",
                            "Name": "Server from Module"
                        },
                        "tenancy": "default",
                        "timeouts": null,
                        "user_data": null,
                        "user_data_base64": null,
                        "volume_tags": null,
                        "vpc_security_group_ids": [
                            "sg-0365604b3e885471f",
                            "sg-04374c86f0a7e8ca2",
                            "sg-08213f10967c5ec43"
                        ]
                    },
                    "dependencies": [
                        "aws_security_group.ingress-ssh",
                        "aws_security_group.vpc-ping",
                        "aws_security_group.vpc-web",
                        "aws_subnet.public_subnets",
                        "aws_vpc.vpc",
                        "data.aws_ami.ubuntu",
                        "data.aws_availability_zones.available"
                    ],
                    "private": "eyJlMmJmYjczMC1lY2FhLTExZTYtOGY4OC0zNDM2M2JjN2M0YzAiOnsiY3JlYXRlIjo2MDAwMDAwMDAwMDAsImRlbGV0ZSI6MTIwMDAwMDAwMDAwMCwidXBkYXRlIjo2MDAwMDAwMDAwMDB9LCJzY2hlbWFfdmVyc2lvbiI6IjEifQ==",
                    "schema_version": 1,
                    "sensitive_attributes": []
                }
            ],
            "mode": "managed",
            "module": "module.server",
            "name": "web",
            "provider": "provider[\"registry.terraform.io/hashicorp/aws\"]",
            "type": "aws_instance"
        }
    ],
    "serial": 0,
    "terraform_version": "1.2.5",
    "version": 4
}
unlock: {
    "Created": "2022-08-17T19:59:35.952365Z",
    "ID": "d9620517-8a4a-f85a-55f8-351623615c07",
    "Info": "",
    "Operation": "OperationTypeApply",
    "Path": "",
    "Version": "1.2.5",
    "Who": "rumeysadogan@Rumeysas-MBP"
}
lock: {
    "Created": "2022-08-17T20:02:07.280221Z",
    "ID": "e9b43041-ebc7-9495-44f8-ec8b5d3cf431",
    "Info": "",
    "Operation": "OperationTypeApply",
    "Path": "",
    "Version": "1.2.5",
    "Who": "rumeysadogan@Rumeysas-MBP"
}
state_read: {}
state_write: {
    "lineage": "1f0aee65-6f4d-7bd3-49da-35969c3d8c49",
    "outputs": {},
    "resources": [],
    "serial": 1,
    "terraform_version": "1.2.5",
    "version": 4
}
unlock: {
    "Created": "2022-08-17T20:02:07.280221Z",
    "ID": "e9b43041-ebc7-9495-44f8-ec8b5d3cf431",
    "Info": "",
    "Operation": "OperationTypeApply",
    "Path": "",
    "Version": "1.2.5",
    "Who": "rumeysadogan@Rumeysas-MBP"
}
